|SourceProjectName:EmployeeCare.hpr
|DestinationProjectName:index.htm
index_hha.hhk
index.hhc
index.hhk
Employee_Care\Benefits\Healthcare.htm
Employee_Care\HR_Policies\Attendance.htm
Employee_Care\HR_Policies\Company_Sick_Pay.htm
Employee_Care\HR_Policies\Dependants_Leave.htm
Employee_Care\HR_Policies\Disciplinary_Procedure.htm
Employee_Care\HR_Policies\Equal_Opportunities.htm
Employee_Care\HR_Policies\Flexible_Working.htm
Employee_Care\HR_Policies\Grievances.htm
Employee_Care\HR_Policies\Harassment.htm
Employee_Care\HR_Policies\Health_and_Safety.htm
Employee_Care\HR_Policies\New_Employee_Checklist\New_Employee_Checklist.htm
Employee_Care\HR_Policies\Retiring_Employees.htm
Employee_Care\HR_Policies\Sales_Staff_Training.htm
Employee_Care\Introduction.htm
Employee_Care\Travel\Bookings.htm
Employee_Care\Travel\Expenses.htm
Employee_Care\HR_Policies\DependantsCare.pdf
Employee_Care\HR_Policies\FlexibleWorkingRequest.pdf
index.glo
empcare.css
Employee_Care\HR_Policies\New_Employee_Checklist\New_Employee_Checklist.css
RHStyleMapping.css
template\Android_Phone_Layout\mobile.css
template\Android_Tablet_Layout\mobile.css
template\Desktop_Layout\screen.css
template\iPad_Layout\mobile.css
template\iPhone_Layout\mobile.css
template\Kindle_Fire_Layout\mobile.css
template\Kindle_Fire_Layout\BSBack.png
template\Kindle_Fire_Layout\TOCNodeLinkSelected.png
template\Kindle_Fire_Layout\TOCNodePageSelected.png
template\iPhone_Layout\TOCNodePageSelected.png
template\iPhone_Layout\home_default.png
template\iPhone_Layout\TOCNodePageHover.png
template\iPhone_Layout\TOCNodePage.png
template\iPad_Layout\BSNext.png
template\iPad_Layout\BSBack.png
template\Android_Tablet_Layout\TOCNodeLinkSelected.png
template\Android_Tablet_Layout\TOCNodeLinkHover.png
template\Android_Tablet_Layout\icon_about.png
template\Android_Tablet_Layout\icon_index.png
template\Android_Phone_Layout\right_arrow.png
template\Kindle_Fire_Layout\bg01.png
template\iPhone_Layout\TOCNodeOpenBookHover.png
template\iPad_Layout\TOCNodeCloseBookSelected.png
AUTHOR_INFO_READ_FIRST\commenting.gif
template\iPhone_Layout\TOCNodeOpenBook.png
template\iPhone_Layout\searchBackHover.png
template\iPhone_Layout\searchBack.png
template\iPad_Layout\TOCNodePageSelected.png
template\iPad_Layout\menu_selected.png
template\iPad_Layout\TOCNodePageHover.png
template\iPad_Layout\bullet_Release.png
template\iPad_Layout\bullet_whatsnew.png
template\Desktop_Layout\TOCTreeLinkSelected.png
template\Desktop_Layout\TOCTreePageSelected.png
template\Android_Tablet_Layout\TOCNodeCloseBookSelected.png
AUTHOR_INFO_READ_FIRST\multiscreen_layouts_4.png
AUTHOR_INFO_READ_FIRST\multiscreen_layouts_3.png
AUTHOR_INFO_READ_FIRST\multiscreen_layouts_2.png
AUTHOR_INFO_READ_FIRST\multiscreen_layouts_1.png
template\iPad_Layout\bg.png
template\Desktop_Layout\TOCTreeLink.png
template\Desktop_Layout\TOCTreeLinkHover.png
template\Desktop_Layout\menu_selected.png
AUTHOR_INFO_READ_FIRST\track_changes.png
AUTHOR_INFO_READ_FIRST\webcontentconfig.jpg
template\Kindle_Fire_Layout\Search.png
template\Kindle_Fire_Layout\searchNext.png
template\Kindle_Fire_Layout\searchBack.png
template\iPad_Layout\TOCNodeLinkSelected.png
template\iPad_Layout\TOCNodeLinkHover.png
template\Android_Tablet_Layout\TOCNodeLink.png
template\Android_Tablet_Layout\TOCNodePage.png
template\Android_Tablet_Layout\TocNodeUp.png
template\Android_Phone_Layout\TOCNodeCloseBook.png
template\Android_Phone_Layout\TOCNodeCloseBookHover.png
template\Android_Phone_Layout\btn_glossary.png
template\Android_Phone_Layout\btn_index.png
template\Android_Phone_Layout\btn_toc.png
template\Android_Phone_Layout\Search.png
template\Android_Phone_Layout\btn_home.png
template\Android_Phone_Layout\searchNext.png
template\Android_Phone_Layout\searchBack.png
template\iPhone_Layout\TOCNodeCloseBookSelected.png
template\iPad_Layout\Search.png
template\iPad_Layout\searchNext.png
template\iPad_Layout\searchBack.png
template\Desktop_Layout\BSNext.png
template\Desktop_Layout\BSBack.png
template\Desktop_Layout\Print.png
template\Desktop_Layout\Search.png
template\Desktop_Layout\TOCTreeCloseBookHover.png
template\Desktop_Layout\bg.png
logo_masterpage.gif
template\Kindle_Fire_Layout\btn_home.png
template\Kindle_Fire_Layout\icon_glossary_hover.png
template\iPhone_Layout\TOCNodeCloseBook.png
template\Desktop_Layout\TOCTreeOpenBook.png
template\Android_Phone_Layout\bg01.png
logo_intro.jpg
template\iPad_Layout\searchNextHover.png
template\iPad_Layout\searchBackHover.png
template\Desktop_Layout\TOCTreePage.png
template\Desktop_Layout\TOCTreePageHover.png
template\Android_Tablet_Layout\TOCNodePageSelected.png
template\Android_Tablet_Layout\TOCNodePageHover.png
template\Android_Tablet_Layout\icon_index_hover.png
template\Android_Phone_Layout\TOCNodeCloseBookSelected.png
template\Kindle_Fire_Layout\TOCNodeLink.png
template\Kindle_Fire_Layout\TOCNodePage.png
template\Kindle_Fire_Layout\TocNodeUp.png
template\Kindle_Fire_Layout\icon_contact.png
template\Kindle_Fire_Layout\icon_about.png
template\Kindle_Fire_Layout\icon_glossary.png
template\Kindle_Fire_Layout\icon_index.png
template\Kindle_Fire_Layout\icon_contents.png
template\Desktop_Layout\TOCTreeOpenBookHoverSelected.png
template\Desktop_Layout\TOCTreeOpenBookHover.png
AUTHOR_INFO_READ_FIRST\ebook.png
AUTHOR_INFO_READ_FIRST\ScreenLayoutEditor-Government.gif
AUTHOR_INFO_READ_FIRST\HTML5-Help-Logo.gif
template\iPhone_Layout\TOCNodeLink.png
template\iPhone_Layout\TOCNodeLinkSelected.png
template\iPhone_Layout\TOCNodeLinkHover.png
template\iPad_Layout\TOCNodeOpenBook.png
template\iPad_Layout\TOCNodeOpenBookHover.png
template\iPad_Layout\icon_about_hover.png
template\iPad_Layout\icon_index_hover.png
template\iPad_Layout\icon_contents_hover.png
template\iPad_Layout\icon_contents.png
template\Desktop_Layout\SearchBackHover.png
template\Desktop_Layout\SearchBack.png
template\Desktop_Layout\bullet_Release.png
template\Android_Tablet_Layout\BSNext.png
template\Android_Tablet_Layout\BSBack.png
template\Android_Tablet_Layout\TOCNodeOpenBook.png
template\Android_Tablet_Layout\TOCNodeOpenBookHover.png
template\Android_Tablet_Layout\btn_index.png
template\Android_Tablet_Layout\btn_toc.png
template\Android_Tablet_Layout\btn_home.png
template\Android_Tablet_Layout\icon_contents_hover.png
template\Android_Tablet_Layout\icon_contents.png
template\Android_Tablet_Layout\bg01.png
template\Android_Phone_Layout\TOCNodeOpenBookSelected.png
template\Kindle_Fire_Layout\icon_contact_hover.png
template\iPhone_Layout\bullet_whatsnew.png
template\Desktop_Layout\header_background.png
AUTHOR_INFO_READ_FIRST\config.gif
AUTHOR_INFO_READ_FIRST\multiscreen_structure.png
AUTHOR_INFO_READ_FIRST\Montage.png
AUTHOR_INFO_READ_FIRST\AdobeTV.gif
template\Kindle_Fire_Layout\TOCNodeLinkHover.png
template\Kindle_Fire_Layout\TOCNodePageHover.png
template\Kindle_Fire_Layout\TOCNodeOpenBook.png
template\Kindle_Fire_Layout\TOCNodeOpenBookSelected.png
template\Kindle_Fire_Layout\TOCNodeOpenBookHover.png
template\Kindle_Fire_Layout\icon_about_hover.png
template\Kindle_Fire_Layout\icon_index_hover.png
template\iPhone_Layout\searchNextHover.png
template\iPhone_Layout\searchNext.png
template\iPad_Layout\home_default.png
template\Desktop_Layout\TOCTreeCloseBook.png
template\Android_Tablet_Layout\TOCNodeOpenBookSelected.png
template\Android_Tablet_Layout\Search.png
template\Android_Tablet_Layout\searchNext.png
template\Android_Tablet_Layout\searchBack.png
template\Android_Tablet_Layout\icon_about_hover.png
template\Android_Phone_Layout\BSNext.png
template\Android_Phone_Layout\BSBack.png
template\Android_Phone_Layout\TOCNodePageSelected.png
template\Android_Phone_Layout\TOCNodePageHover.png
template\iPhone_Layout\TOCNodeCloseBookHover.png
template\iPad_Layout\TOCNodeLink.png
template\iPad_Layout\TOCNodeOpenBookSelected.png
template\iPad_Layout\TOCNodeCloseBook.png
template\iPad_Layout\TOCNodeCloseBookHover.png
template\iPad_Layout\TocNodeUp.png
template\iPad_Layout\TOCNodePage.png
template\Android_Tablet_Layout\icon_glossary_hover.png
template\Android_Tablet_Layout\icon_glossary.png
AUTHOR_INFO_READ_FIRST\folders.gif
AUTHOR_INFO_READ_FIRST\profiles_and_layouts.png
template\Kindle_Fire_Layout\BSNext.png
template\iPhone_Layout\TOCNodeOpenBookSelected.png
template\iPhone_Layout\menu_selected.png
template\iPhone_Layout\bullet_Release.png
template\iPad_Layout\icon_contact_hover.png
template\iPad_Layout\icon_contact.png
template\Desktop_Layout\searchNextHover.png
template\Desktop_Layout\searchNext.png
template\Desktop_Layout\contentholder_background.png
template\Android_Tablet_Layout\btn_glossary.png
template\Android_Tablet_Layout\icon_contact_hover.png
template\Android_Tablet_Layout\icon_contact.png
template\Android_Phone_Layout\TOCNodeLinkSelected.png
template\Android_Phone_Layout\TOCNodeLinkHover.png
tip.gif
template\Desktop_Layout\TOCTreeCloseBookSelected.png
template\Desktop_Layout\bullet_whatsnew.png
template\iPad_Layout\icon_glossary_hover.png
template\iPad_Layout\icon_glossary.png
template\Android_Phone_Layout\TOCNodeLink.png
template\Android_Phone_Layout\TOCNodePage.png
template\Android_Phone_Layout\TocNodeUp.png
template\Kindle_Fire_Layout\TOCNodeCloseBook.png
template\Kindle_Fire_Layout\TOCNodeCloseBookSelected.png
template\Kindle_Fire_Layout\TOCNodeCloseBookHover.png
template\Kindle_Fire_Layout\icon_contents_hover.png
template\iPhone_Layout\BSNext.png
template\iPhone_Layout\BSBack.png
template\iPhone_Layout\TocNodeUp.png
template\iPhone_Layout\glossary.png
template\iPhone_Layout\index.png
template\iPhone_Layout\toc.png
template\iPhone_Layout\Search.png
template\iPhone_Layout\bg.png
template\iPad_Layout\icon_about.png
template\iPad_Layout\icon_index.png
template\Android_Tablet_Layout\TOCNodeCloseBook.png
template\Android_Tablet_Layout\TOCNodeCloseBookHover.png
template\Android_Tablet_Layout\right_arrow_W.png
template\Android_Phone_Layout\TOCNodeOpenBook.png
template\Android_Phone_Layout\TOCNodeOpenBookHover.png
RoboHHRE.lng
ehlpdhtm.js
index.ppf
SearchOptions.xml
whxdata\toc1.js
whxdata\toc2.js
whxdata\toc3.js
whxdata\toc4.js
whxdata\toc5.js
whxdata\toc.js
Employee_Care\Benefits\Healthcare_rh_auto_gen_text_topic0.htm
Employee_Care\HR_Policies\Attendance_rh_auto_gen_text_topic0.htm
Employee_Care\HR_Policies\Company_Sick_Pay_rh_auto_gen_text_topic0.htm
Employee_Care\HR_Policies\Dependants_Leave_rh_auto_gen_text_topic0.htm
Employee_Care\HR_Policies\Disciplinary_Procedure_rh_auto_gen_text_topic0.htm
Employee_Care\HR_Policies\Equal_Opportunities_rh_auto_gen_text_topic0.htm
Employee_Care\HR_Policies\Flexible_Working_rh_auto_gen_text_topic0.htm
Employee_Care\HR_Policies\Grievances_rh_auto_gen_text_topic0.htm
Employee_Care\HR_Policies\Harassment_rh_auto_gen_text_topic0.htm
Employee_Care\HR_Policies\Health_and_Safety_rh_auto_gen_text_topic0.htm
Employee_Care\Introduction_rh_auto_gen_text_topic0.htm
whxdata\idata1.js
whxdata\idx.js
whxdata\gdata1.js
whxdata\glo.js
whxdata\package_0_xml.js
whxdata\package_1_xml.js
whxdata\package_2_xml.js
whxdata\package_3_xml.js
whxdata\package_4_xml.js
whxdata\package_5_xml.js
whxdata\package_6_xml.js
whxdata\package_7_xml.js
whxdata\package_8_xml.js
whxdata\package_9_xml.js
whxdata\packageindex_xml.js
whxdata\synonym.xml
whxdata\synonym_xml.js
whxdata\topictable_0_xml.js
whxdata\topictableindex_xml.js
whxdata\whfts.xml
whxdata\whfts_xml.js
whxdata\csh.js
whxdata\window.js
projectdata.js
SalesbuilderTourHTML5\assets\css\CPLibrary.css
SalesbuilderTourHTML5\assets\css\CPQuiz.css
SalesbuilderTourHTML5\assets\css\dd.css
SalesbuilderTourHTML5\assets\css\smoothness\images\scrubber.png
SalesbuilderTourHTML5\assets\css\smoothness\images\Thumbs.db
SalesbuilderTourHTML5\assets\css\smoothness\images\ui-bg_flat_0_aaaaaa_40x100.png
SalesbuilderTourHTML5\assets\css\smoothness\images\ui-bg_flat_75_ffffff_40x100.png
SalesbuilderTourHTML5\assets\css\smoothness\images\ui-bg_glass_55_fbf9ee_1x400.png
SalesbuilderTourHTML5\assets\css\smoothness\images\ui-bg_glass_65_ffffff_1x400.png
SalesbuilderTourHTML5\assets\css\smoothness\images\ui-bg_glass_75_dadada_1x400.png
SalesbuilderTourHTML5\assets\css\smoothness\images\ui-bg_glass_75_e6e6e6_1x400.png
SalesbuilderTourHTML5\assets\css\smoothness\images\ui-bg_glass_95_fef1ec_1x400.png
SalesbuilderTourHTML5\assets\css\smoothness\images\ui-bg_highlight-soft_75_cccccc_1x100.png
SalesbuilderTourHTML5\assets\css\smoothness\images\ui-icons_222222_256x240.png
SalesbuilderTourHTML5\assets\css\smoothness\images\ui-icons_2e83ff_256x240.png
SalesbuilderTourHTML5\assets\css\smoothness\images\ui-icons_454545_256x240.png
SalesbuilderTourHTML5\assets\css\smoothness\images\ui-icons_888888_256x240.png
SalesbuilderTourHTML5\assets\css\smoothness\images\ui-icons_cd0a0a_256x240.png
SalesbuilderTourHTML5\assets\css\smoothness\jquery-ui-1.8.14.custom.css
SalesbuilderTourHTML5\assets\htmlimages\arrow_right.gif
SalesbuilderTourHTML5\assets\htmlimages\checkBox_disabled.png
SalesbuilderTourHTML5\assets\htmlimages\checkBox_normal.png
SalesbuilderTourHTML5\assets\htmlimages\checkBox_selected.png
SalesbuilderTourHTML5\assets\htmlimages\checkBox_selectedDisabled.png
SalesbuilderTourHTML5\assets\htmlimages\closeReviewButton.png
SalesbuilderTourHTML5\assets\htmlimages\correct_answer_normal.png
SalesbuilderTourHTML5\assets\htmlimages\correct_answer_small.png
SalesbuilderTourHTML5\assets\htmlimages\correct_question_normal.png
SalesbuilderTourHTML5\assets\htmlimages\correct_question_small.png
SalesbuilderTourHTML5\assets\htmlimages\dd_arrow.gif
SalesbuilderTourHTML5\assets\htmlimages\hotspot.gif
SalesbuilderTourHTML5\assets\htmlimages\hotspot_correct_answer_normal.png
SalesbuilderTourHTML5\assets\htmlimages\hotspot_incorrect_answer_normal.png
SalesbuilderTourHTML5\assets\htmlimages\img_trans.gif
SalesbuilderTourHTML5\assets\htmlimages\incorrect_answer_normal.png
SalesbuilderTourHTML5\assets\htmlimages\incorrect_answer_small.png
SalesbuilderTourHTML5\assets\htmlimages\incorrect_question_normal.png
SalesbuilderTourHTML5\assets\htmlimages\incorrect_question_small.png
SalesbuilderTourHTML5\assets\htmlimages\movieexpire.png
SalesbuilderTourHTML5\assets\htmlimages\partial_correct_question_normal.png
SalesbuilderTourHTML5\assets\htmlimages\partial_correct_question_small.png
SalesbuilderTourHTML5\assets\htmlimages\placeholder.png
SalesbuilderTourHTML5\assets\htmlimages\radioButton_disabled.png
SalesbuilderTourHTML5\assets\htmlimages\radioButton_normal.png
SalesbuilderTourHTML5\assets\htmlimages\radioButton_selected.png
SalesbuilderTourHTML5\assets\htmlimages\radioButton_selectedDisabled.png
SalesbuilderTourHTML5\assets\htmlimages\sequenceReview.png
SalesbuilderTourHTML5\assets\htmlimages\skip_answer_normal.png
SalesbuilderTourHTML5\assets\htmlimages\skip_answer_small.png
SalesbuilderTourHTML5\assets\htmlimages\skip_question_normal.png
SalesbuilderTourHTML5\assets\htmlimages\skip_question_small.png
SalesbuilderTourHTML5\assets\htmlimages\toc.png
SalesbuilderTourHTML5\assets\js\CPHTML5Warnings.js
SalesbuilderTourHTML5\assets\js\CPLibrary.js
SalesbuilderTourHTML5\assets\js\CPPlaybar.js
SalesbuilderTourHTML5\assets\js\CPQuizLibrary.js
SalesbuilderTourHTML5\assets\js\CPRuntimeDailog.js
SalesbuilderTourHTML5\assets\js\CPTOC.js
SalesbuilderTourHTML5\assets\js\CPWidgetManager.js
SalesbuilderTourHTML5\assets\js\jquery-1.5.1.min.js
SalesbuilderTourHTML5\assets\js\jquery-1.6.1.min.js
SalesbuilderTourHTML5\assets\js\jquery-ui-1.8.14.custom.min.js
SalesbuilderTourHTML5\assets\js\OpenAjaxManagedHub-all.js
SalesbuilderTourHTML5\assets\js\uncompressed-jquery-ui-1.8.14.custom.js
SalesbuilderTourHTML5\assets\js\uncompressed.jquery.dd.js
SalesbuilderTourHTML5\assets\playbar\PlaybarIcons\AudioOff.png
SalesbuilderTourHTML5\assets\playbar\PlaybarIcons\AudioOn.png
SalesbuilderTourHTML5\assets\playbar\PlaybarIcons\BackGround.png
SalesbuilderTourHTML5\assets\playbar\PlaybarIcons\Backward.png
SalesbuilderTourHTML5\assets\playbar\PlaybarIcons\CC.png
SalesbuilderTourHTML5\assets\playbar\PlaybarIcons\Color.png
SalesbuilderTourHTML5\assets\playbar\PlaybarIcons\ColorSmall.png
SalesbuilderTourHTML5\assets\playbar\PlaybarIcons\Exit.png
SalesbuilderTourHTML5\assets\playbar\PlaybarIcons\FastForward.png
SalesbuilderTourHTML5\assets\playbar\PlaybarIcons\FastForward1.png
SalesbuilderTourHTML5\assets\playbar\PlaybarIcons\FastForward2.png
SalesbuilderTourHTML5\assets\playbar\PlaybarIcons\Forward.png
SalesbuilderTourHTML5\assets\playbar\PlaybarIcons\Glow.png
SalesbuilderTourHTML5\assets\playbar\PlaybarIcons\GlowSmall.png
SalesbuilderTourHTML5\assets\playbar\PlaybarIcons\Height.png
SalesbuilderTourHTML5\assets\playbar\PlaybarIcons\InnerStroke.png
SalesbuilderTourHTML5\assets\playbar\PlaybarIcons\InnerStrokeSmall.png
SalesbuilderTourHTML5\assets\playbar\PlaybarIcons\Pause.png
SalesbuilderTourHTML5\assets\playbar\PlaybarIcons\Play.png
SalesbuilderTourHTML5\assets\playbar\PlaybarIcons\Play_icon.png
SalesbuilderTourHTML5\assets\playbar\PlaybarIcons\Progress.png
SalesbuilderTourHTML5\assets\playbar\PlaybarIcons\Rewind.png
SalesbuilderTourHTML5\assets\playbar\PlaybarIcons\Shade.png
SalesbuilderTourHTML5\assets\playbar\PlaybarIcons\ShadeSmall.png
SalesbuilderTourHTML5\assets\playbar\PlaybarIcons\Stroke.png
SalesbuilderTourHTML5\assets\playbar\PlaybarIcons\StrokeSmall.png
SalesbuilderTourHTML5\assets\playbar\PlaybarIcons\Thumb.png
SalesbuilderTourHTML5\assets\playbar\PlaybarIcons\ThumbBase.png
SalesbuilderTourHTML5\assets\playbar\PlaybarIcons\TOC.png
SalesbuilderTourHTML5\assets\playbar\playbarScript.js
SalesbuilderTourHTML5\assets\playbar\playbarStyle.css
SalesbuilderTourHTML5\assets\Playbar_icons\ccClose.png
SalesbuilderTourHTML5\assets\Playbar_icons\Play_icon.png
SalesbuilderTourHTML5\assets\toc\tocIcons\blankBookmark.png
SalesbuilderTourHTML5\assets\toc\tocIcons\clear.png
SalesbuilderTourHTML5\assets\toc\tocIcons\expander.png
SalesbuilderTourHTML5\assets\toc\tocIcons\fullBookmark.png
SalesbuilderTourHTML5\assets\toc\tocIcons\go.png
SalesbuilderTourHTML5\assets\toc\tocIcons\infoClose.png
SalesbuilderTourHTML5\assets\toc\tocIcons\moreinfo.png
SalesbuilderTourHTML5\assets\toc\tocIcons\searchBtnNormal.png
SalesbuilderTourHTML5\assets\toc\tocIcons\searchBtnSelect.png
SalesbuilderTourHTML5\assets\toc\tocIcons\visited.png
SalesbuilderTourHTML5\assets\toc\tocStyle.css
SalesbuilderTourHTML5\assets\TOC_icons\collapseIcon.png
SalesbuilderTourHTML5\assets\TOC_icons\expandIcon.png
SalesbuilderTourHTML5\assets\TOC_icons\photo.png
SalesbuilderTourHTML5\captivate.css
SalesbuilderTourHTML5\dr\2627.png
SalesbuilderTourHTML5\dr\2644.png
SalesbuilderTourHTML5\dr\2661.png
SalesbuilderTourHTML5\dr\2678.png
SalesbuilderTourHTML5\dr\2695.png
SalesbuilderTourHTML5\dr\2712.png
SalesbuilderTourHTML5\dr\2729.png
SalesbuilderTourHTML5\dr\2746.png
SalesbuilderTourHTML5\dr\2763.png
SalesbuilderTourHTML5\dr\2780.png
SalesbuilderTourHTML5\dr\2797.png
SalesbuilderTourHTML5\dr\2814.png
SalesbuilderTourHTML5\dr\2831.png
SalesbuilderTourHTML5\dr\2848.png
SalesbuilderTourHTML5\dr\2865.png
SalesbuilderTourHTML5\dr\2882.png
SalesbuilderTourHTML5\dr\2899.png
SalesbuilderTourHTML5\index.html
SalesbuilderTourHTML5\mimetype
SalesbuilderTourHTML5\multiscreen.html
SalesbuilderTourHTML5\Project.js
SalesbuilderTourHTML5\SalesbuilderTourHTML5.htm
SalesbuilderTourHTML5\SalesbuilderTourHTML5.swf
SalesbuilderTourHTML5\standard.js
